DEBUG:tokenformer.llama_tokenformer_model:Parameter: lm_head.weight, Requires Grad: False
INFO:cray_megatron.models.tokenformer.load_tokenformer_model:Converting model to torch.bfloat16...
INFO:cray_megatron.models.tokenformer.load_tokenformer_model:Model: LlamaForCausalLM(
  (model): LlamaModel(
    (embed_tokens): Embedding(128256, 4096)
    (layers): ModuleList(
      (0-31): 32 x LlamaTokenformerDecoderLayer(
        (self_attn): LlamaTokenformerAttention(
          (q_proj): Linear(in_features=4096, out_features=4096, bias=False)
          (k_proj): Linear(in_features=4096, out_features=1024, bias=False)
          (v_proj): Linear(in_features=4096, out_features=1024, bias=False)
          (o_proj): Linear(in_features=4096, out_features=4096, bias=False)
        )
        (mlp): TokenformerMLPAdapter(
        hidden_size=4096
        (layer): LlamaMLP(
          (gate_proj): Linear(in_features=4096, out_features=14336, bias=False)
          (up_proj): Linear(in_features=4096, out_features=14336, bias=False)
          (down_proj): Linear(in_features=14336, out_features=4096, bias=False)
          (act_fn): SiLU()
        )
        )
        (input_layernorm): LlamaRMSNorm((4096,), eps=1e-05)
        (post_attention_layernorm): LlamaRMSNorm((4096,), eps=1e-05)
      )
    )
    (norm): LlamaRMSNorm((4096,), eps=1e-05)
    (rotary_emb): LlamaRotaryEmbedding()
  )
  (lm_head): Linear(in_features=4096, out_features=128256, bias=False)
)
INFO:cray_megatron.megatron.training_loop:Using device cuda:0
INFO:cray_megatron.megatron.training_loop:Training step 0 - epoch 0 - loss 0.5090617537498474 - learning rate 0.003
INFO:cray_megatron.megatron.training_loop:Training step 1 - epoch 0 - loss 0.7212292551994324 - learning rate 0.0029850000000000002
INFO:cray_megatron.megatron.training_loop:Training step 2 - epoch 1 - loss 0.7597407698631287 - learning rate 0.00297
INFO:cray_megatron.megatron.training_loop:Training step 3 - epoch 2 - loss 0.41756826639175415 - learning rate 0.0029549999999999997
INFO:cray_megatron.megatron.training_loop:Training step 4 - epoch 3 - loss 0.4218161106109619 - learning rate 0.0029399999999999995
INFO:cray_megatron.megatron.training_loop:Training step 5 - epoch 4 - loss 0.44049495458602905 - learning rate 0.0029249999999999996
INFO:cray_megatron.megatron.training_loop:Training step 6 - epoch 5 - loss 0.4371589422225952 - learning rate 0.00291
INFO:cray_megatron.megatron.training_loop:Training step 7 - epoch 6 - loss 0.38801342248916626 - learning rate 0.002895
INFO:cray_megatron.megatron.training_loop:Training step 8 - epoch 7 - loss 0.3643985688686371 - learning rate 0.0028799999999999997
INFO:cray_megatron.megatron.training_loop:Training step 9 - epoch 8 - loss 0.3543819189071655 - learning rate 0.0028649999999999995
INFO:cray_megatron.megatron.training_loop:Training step 10 - epoch 9 - loss 0.336573988199234 - learning rate 0.0028499999999999997
INFO:cray_megatron.megatron.training_loop:Training step 11 - epoch 10 - loss 0.31644508242607117 - learning rate 0.0028349999999999994
INFO:cray_megatron.megatron.training_loop:Training step 12 - epoch 11 - loss 0.2990434169769287 - learning rate 0.002819999999999999
INFO:cray_megatron.megatron.training_loop:Training step 13 - epoch 12 - loss 0.2870972752571106 - learning rate 0.002804999999999999
INFO:cray_megatron.megatron.training_loop:Training step 14 - epoch 13 - loss 0.2685651481151581 - learning rate 0.0027899999999999986
INFO:cray_megatron.megatron.training_loop:Training step 15 - epoch 14 - loss 0.25773584842681885 - learning rate 0.002774999999999999
INFO:cray_megatron.megatron.training_loop:Training step 16 - epoch 15 - loss 0.25145086646080017 - learning rate 0.002759999999999999
INFO:cray_megatron.megatron.training_loop:Training step 17 - epoch 16 - loss 0.23451577126979828 - learning rate 0.0027449999999999987
INFO:cray_megatron.megatron.training_loop:Training step 18 - epoch 17 - loss 0.2243381291627884 - learning rate 0.002729999999999999
INFO:cray_megatron.megatron.training_loop:Training step 19 - epoch 18 - loss 0.2080203890800476 - learning rate 0.002714999999999999
INFO:cray_megatron.megatron.training_loop:Training step 20 - epoch 19 - loss 0.1994093507528305 - learning rate 0.0026999999999999993
INFO:cray_megatron.megatron.training_loop:Training step 21 - epoch 20 - loss 0.19062967598438263 - learning rate 0.0026849999999999995
INFO:cray_megatron.megatron.training_loop:Training step 22 - epoch 21 - loss 0.18490596115589142 - learning rate 0.002669999999999999
INFO:cray_megatron.megatron.training_loop:Training step 23 - epoch 22 - loss 0.17553935945034027 - learning rate 0.0026549999999999994
INFO:cray_megatron.megatron.training_loop:Training step 24 - epoch 23 - loss 0.1703079491853714 - learning rate 0.0026399999999999996
INFO:cray_megatron.megatron.training_loop:Training step 25 - epoch 24 - loss 0.15841402113437653 - learning rate 0.0026249999999999993
INFO:cray_megatron.megatron.training_loop:Training step 26 - epoch 25 - loss 0.1462717354297638 - learning rate 0.0026099999999999995
INFO:cray_megatron.megatron.training_loop:Training step 27 - epoch 26 - loss 0.1372285634279251 - learning rate 0.0025949999999999992
INFO:cray_megatron.megatron.training_loop:Training step 28 - epoch 27 - loss 0.12333314120769501 - learning rate 0.002579999999999999
INFO:cray_megatron.megatron.training_loop:Training step 29 - epoch 28 - loss 0.10987332463264465 - learning rate 0.002564999999999999
INFO:cray_megatron.megatron.training_loop:Training step 30 - epoch 29 - loss 0.1065865233540535 - learning rate 0.0025499999999999993
INFO:cray_megatron.megatron.training_loop:Training step 31 - epoch 30 - loss 0.09693441540002823 - learning rate 0.0025349999999999995
INFO:cray_megatron.megatron.training_loop:Training step 32 - epoch 31 - loss 0.0911853089928627 - learning rate 0.0025199999999999992
INFO:cray_megatron.megatron.training_loop:Training step 33 - epoch 32 - loss 0.07584455609321594 - learning rate 0.0025049999999999994
INFO:cray_megatron.megatron.training_loop:Training step 34 - epoch 33 - loss 0.07277388870716095 - learning rate 0.002489999999999999
INFO:cray_megatron.megatron.training_loop:Training step 35 - epoch 34 - loss 0.06228626146912575 - learning rate 0.0024749999999999993
INFO:cray_megatron.megatron.training_loop:Training step 36 - epoch 35 - loss 0.05441609025001526 - learning rate 0.002459999999999999
INFO:cray_megatron.megatron.training_loop:Training step 37 - epoch 36 - loss 0.04835725203156471 - learning rate 0.0024449999999999993
INFO:cray_megatron.megatron.training_loop:Training step 38 - epoch 37 - loss 0.04269106686115265 - learning rate 0.0024299999999999994
INFO:cray_megatron.megatron.training_loop:Training step 39 - epoch 38 - loss 0.0427849218249321 - learning rate 0.002414999999999999
INFO:cray_megatron.megatron.training_loop:Training step 40 - epoch 39 - loss 0.03418242186307907 - learning rate 0.0023999999999999994
INFO:cray_megatron.megatron.training_loop:Training step 41 - epoch 40 - loss 0.03085779957473278 - learning rate 0.0023849999999999995
INFO:cray_megatron.megatron.training_loop:Training step 42 - epoch 41 - loss 0.03509512543678284 - learning rate 0.0023699999999999997
INFO:cray_megatron.megatron.training_loop:Training step 43 - epoch 42 - loss 0.021894006058573723 - learning rate 0.0023549999999999995
INFO:cray_megatron.megatron.training_loop:Training step 44 - epoch 43 - loss 0.028485076501965523 - learning rate 0.0023399999999999996
INFO:cray_megatron.megatron.training_loop:Training step 45 - epoch 44 - loss 0.022777313366532326 - learning rate 0.002325
INFO:cray_megatron.megatron.training_loop:Training step 46 - epoch 45 - loss 0.016220897436141968 - learning rate 0.00231
INFO:cray_megatron.megatron.training_loop:Training step 47 - epoch 46 - loss 0.01644466258585453 - learning rate 0.002295
INFO:cray_megatron.megatron.training_loop:Training step 48 - epoch 47 - loss 0.012940258719027042 - learning rate 0.0022800000000000003
INFO:cray_megatron.megatron.training_loop:Training step 49 - epoch 48 - loss 0.011332917027175426 - learning rate 0.0022650000000000005
INFO:cray_megatron.megatron.training_loop:Training step 50 - epoch 49 - loss 0.009491228498518467 - learning rate 0.0022500000000000003
INFO:cray_megatron.megatron.training_loop:Training step 51 - epoch 50 - loss 0.011083564721047878 - learning rate 0.002235
INFO:cray_megatron.megatron.training_loop:Training step 52 - epoch 51 - loss 0.007468060124665499 - learning rate 0.00222
INFO:cray_megatron.megatron.training_loop:Training step 53 - epoch 52 - loss 0.011098245158791542 - learning rate 0.002205
INFO:cray_megatron.megatron.training_loop:Training step 54 - epoch 53 - loss 0.008113899268209934 - learning rate 0.00219
INFO:cray_megatron.megatron.training_loop:Training step 55 - epoch 54 - loss 0.005686197429895401 - learning rate 0.002175
INFO:cray_megatron.megatron.training_loop:Training step 56 - epoch 55 - loss 0.005273974500596523 - learning rate 0.00216
INFO:cray_megatron.megatron.training_loop:Training step 57 - epoch 56 - loss 0.015806477516889572 - learning rate 0.002145
INFO:cray_megatron.megatron.training_loop:Training step 58 - epoch 57 - loss 0.004170568659901619 - learning rate 0.0021300000000000004
INFO:cray_megatron.megatron.training_loop:Training step 59 - epoch 58 - loss 0.006831563077867031 - learning rate 0.0021150000000000006
INFO:cray_megatron.megatron.training_loop:Training step 60 - epoch 59 - loss 0.006643626838922501 - learning rate 0.0021000000000000007
INFO:cray_megatron.megatron.training_loop:Training step 61 - epoch 60 - loss 0.006805703043937683 - learning rate 0.002085000000000001
INFO:cray_megatron.megatron.training_loop:Training step 62 - epoch 61 - loss 0.004510087426751852 - learning rate 0.002070000000000001
INFO:cray_megatron.megatron.training_loop:Training step 63 - epoch 62 - loss 0.0030655143782496452 - learning rate 0.002055000000000001
INFO:cray_megatron.megatron.training_loop:Training step 64 - epoch 63 - loss 0.003309813095256686 - learning rate 0.002040000000000001
INFO:cray_megatron.megatron.training_loop:Training step 65 - epoch 64 - loss 0.003629291197285056 - learning rate 0.002025000000000001
INFO:cray_megatron.megatron.training_loop:Training step 66 - epoch 65 - loss 0.003912011627107859 - learning rate 0.0020100000000000014
INFO:cray_megatron.megatron.training_loop:Training step 67 - epoch 66 - loss 0.005480669904500246 - learning rate 0.001995000000000001
INFO:cray_megatron.megatron.training_loop:Training step 68 - epoch 67 - loss 0.005063329357653856 - learning rate 0.001980000000000001
INFO:cray_megatron.megatron.training_loop:Training step 69 - epoch 68 - loss 0.003241848200559616 - learning rate 0.001965000000000001
INFO:cray_megatron.megatron.training_loop:Training step 70 - epoch 69 - loss 0.003410547971725464 - learning rate 0.001950000000000001
INFO:cray_megatron.megatron.training_loop:Training step 71 - epoch 70 - loss 0.0025746559258550406 - learning rate 0.001935000000000001
INFO:cray_megatron.megatron.training_loop:Training step 72 - epoch 71 - loss 0.002013581106439233 - learning rate 0.001920000000000001
INFO:cray_megatron.megatron.training_loop:Training step 73 - epoch 72 - loss 0.0023713395930826664 - learning rate 0.0019050000000000009
INFO:cray_megatron.megatron.training_loop:Training step 74 - epoch 73 - loss 0.004774443339556456 - learning rate 0.0018900000000000008
INFO:cray_megatron.megatron.training_loop:Training step 75 - epoch 74 - loss 0.0033920048736035824 - learning rate 0.0018750000000000008
INFO:cray_megatron.megatron.training_loop:Training step 76 - epoch 75 - loss 0.002695692703127861 - learning rate 0.0018600000000000008
INFO:cray_megatron.megatron.training_loop:Training step 77 - epoch 76 - loss 0.0023683984763920307 - learning rate 0.0018450000000000007
INFO:cray_megatron.megatron.training_loop:Training step 78 - epoch 77 - loss 0.002662023762241006 - learning rate 0.0018300000000000007
INFO:cray_megatron.megatron.training_loop:Training step 79 - epoch 78 - loss 0.001648184028454125 - learning rate 0.0018150000000000006
INFO:cray_megatron.megatron.training_loop:Training step 80 - epoch 79 - loss 0.0033965162001550198 - learning rate 0.0018000000000000006
INFO:cray_megatron.megatron.training_loop:Training step 81 - epoch 80 - loss 0.001478328020311892 - learning rate 0.0017850000000000006
INFO:cray_megatron.megatron.training_loop:Training step 82 - epoch 81 - loss 0.002760504139587283 - learning rate 0.0017700000000000005
INFO:cray_megatron.megatron.training_loop:Training step 83 - epoch 82 - loss 0.0022250390611588955 - learning rate 0.0017550000000000005
INFO:cray_megatron.megatron.training_loop:Training step 84 - epoch 83 - loss 0.0016480680787935853 - learning rate 0.0017400000000000004
INFO:cray_megatron.megatron.training_loop:Training step 85 - epoch 84 - loss 0.0023607988841831684 - learning rate 0.0017250000000000004
INFO:cray_megatron.megatron.training_loop:Training step 86 - epoch 85 - loss 0.0016208348097279668 - learning rate 0.0017100000000000006
INFO:cray_megatron.megatron.training_loop:Training step 87 - epoch 86 - loss 0.0022069348488003016 - learning rate 0.0016950000000000005
INFO:cray_megatron.megatron.training_loop:Training step 88 - epoch 87 - loss 0.0009195905877277255 - learning rate 0.0016800000000000005
INFO:cray_megatron.megatron.training_loop:Training step 89 - epoch 88 - loss 0.001363309333100915 - learning rate 0.0016650000000000005
INFO:cray_megatron.megatron.training_loop:Training step 90 - epoch 89 - loss 0.0010949394199997187 - learning rate 0.0016500000000000004
INFO:cray_megatron.megatron.training_loop:Training step 91 - epoch 90 - loss 0.0012955415295436978 - learning rate 0.0016350000000000006
INFO:cray_megatron.megatron.training_loop:Training step 92 - epoch 91 - loss 0.0018358324887230992 - learning rate 0.0016200000000000008
INFO:cray_megatron.megatron.training_loop:Training step 93 - epoch 92 - loss 0.000938940211199224 - learning rate 0.0016050000000000007
INFO:cray_megatron.megatron.training_loop:Training step 94 - epoch 93 - loss 0.001273206784389913 - learning rate 0.0015900000000000007
INFO:cray_megatron.megatron.training_loop:Training step 95 - epoch 94 - loss 0.0008474450442008674 - learning rate 0.0015750000000000007
INFO:cray_megatron.megatron.training_loop:Training step 96 - epoch 95 - loss 0.0010635827202349901 - learning rate 0.0015600000000000006
INFO:cray_megatron.megatron.training_loop:Training step 97 - epoch 96 - loss 0.0007648001774214208 - learning rate 0.0015450000000000006
INFO:cray_megatron.megatron.training_loop:Training step 98 - epoch 97 - loss 0.000739405513741076 - learning rate 0.0015300000000000005
INFO:cray_megatron.megatron.training_loop:Training step 99 - epoch 98 - loss 0.0009526524809189141 - learning rate 0.0015150000000000005
INFO:cray_megatron.megatron.training_loop:Training step 100 - epoch 99 - loss 0.0009417548426426947 - learning rate 0.0015000000000000005
INFO:cray_infra.training.training_harness:Checkpoint saved to /app/cray/jobs/fe94795894fe8eeb30d8dfecaaaa8ceaa465d7d7a676bc3297fca62b0ed8c6fa/checkpoint_100.pt
INFO:cray_infra.training.training_harness:Model saved to /app/cray/jobs/fe94795894fe8eeb30d8dfecaaaa8ceaa465d7d7a676bc3297fca62b0ed8c6fa/saved_model
INFO:cray_megatron.megatron.training_loop:Checkpoint on step 100 took 24.20043921470642 seconds
INFO:cray_megatron.megatron.training_loop:Training step 101 - epoch 100 - loss 0.0013957750052213669 - learning rate 0.0014850000000000004
INFO:cray_megatron.megatron.training_loop:Training step 102 - epoch 101 - loss 0.0006214722525328398 - learning rate 0.0014700000000000004
INFO:cray_megatron.megatron.training_loop:Training step 103 - epoch 102 - loss 0.0006312326295301318 - learning rate 0.0014550000000000003
INFO:cray_megatron.megatron.training_loop:Training step 104 - epoch 103 - loss 0.000495664426125586 - learning rate 0.0014400000000000003
INFO:cray_megatron.megatron.training_loop:Training step 105 - epoch 104 - loss 0.0007526682456955314 - learning rate 0.0014250000000000003
INFO:cray_megatron.megatron.training_loop:Training step 106 - epoch 105 - loss 0.0006330065079964697 - learning rate 0.0014100000000000002
INFO:cray_megatron.megatron.training_loop:Training step 107 - epoch 106 - loss 0.0007799071609042585 - learning rate 0.0013950000000000002
INFO:cray_megatron.megatron.training_loop:Training step 108 - epoch 107 - loss 0.0008303481736220419 - learning rate 0.0013800000000000002
INFO:cray_megatron.megatron.training_loop:Training step 109 - epoch 108 - loss 0.0004923642263747752 - learning rate 0.0013650000000000001
INFO:cray_megatron.megatron.training_loop:Training step 110 - epoch 109 - loss 0.000555517734028399 - learning rate 0.00135
INFO:cray_megatron.megatron.training_loop:Training step 111 - epoch 110 - loss 0.0006791981868445873 - learning rate 0.001335
INFO:cray_megatron.megatron.training_loop:Training step 112 - epoch 111 - loss 0.000979389064013958 - learning rate 0.00132
INFO:cray_megatron.megatron.training_loop:Training step 113 - epoch 112 - loss 0.0005534964147955179 - learning rate 0.001305
INFO:cray_megatron.megatron.training_loop:Training step 114 - epoch 113 - loss 0.0006077672587707639 - learning rate 0.00129
INFO:cray_megatron.megatron.training_loop:Training step 115 - epoch 114 - loss 0.0006067430949769914 - learning rate 0.0012749999999999999
INFO:cray_megatron.megatron.training_loop:Training step 116 - epoch 115 - loss 0.00047404543147422373 - learning rate 0.0012599999999999998
INFO:cray_megatron.megatron.training_loop:Training step 117 - epoch 116 - loss 0.0005722524365410209 - learning rate 0.0012449999999999998
INFO:cray_megatron.megatron.training_loop:Training step 118 - epoch 117 - loss 0.0004301973676774651 - learning rate 0.0012299999999999998
INFO:cray_megatron.megatron.training_loop:Training step 119 - epoch 118 - loss 0.000569088151678443 - learning rate 0.0012149999999999997
INFO:cray_megatron.megatron.training_loop:Training step 120 - epoch 119 - loss 0.0004204529686830938 - learning rate 0.0011999999999999997
INFO:cray_megatron.megatron.training_loop:Training step 121 - epoch 120 - loss 0.0006675450131297112 - learning rate 0.0011849999999999996
INFO:cray_megatron.megatron.training_loop:Training step 122 - epoch 121 - loss 0.0004485958197619766 - learning rate 0.0011699999999999996
INFO:cray_megatron.megatron.training_loop:Training step 123 - epoch 122 - loss 0.00043424582690931857 - learning rate 0.0011549999999999996
INFO:cray_megatron.megatron.training_loop:Training step 124 - epoch 123 - loss 0.0004157037183176726 - learning rate 0.0011399999999999995
INFO:cray_megatron.megatron.training_loop:Training step 125 - epoch 124 - loss 0.0003978055319748819 - learning rate 0.0011249999999999995
INFO:cray_megatron.megatron.training_loop:Training step 126 - epoch 125 - loss 0.0005406326963566244 - learning rate 0.0011099999999999994
INFO:cray_megatron.megatron.training_loop:Training step 127 - epoch 126 - loss 0.00041281431913375854 - learning rate 0.0010949999999999994
INFO:cray_megatron.megatron.training_loop:Training step 128 - epoch 127 - loss 0.00047525434638373554 - learning rate 0.0010799999999999994
INFO:cray_megatron.megatron.training_loop:Training step 129 - epoch 128 - loss 0.0005758366314694285 - learning rate 0.0010649999999999993
INFO:cray_megatron.megatron.training_loop:Training step 130 - epoch 129 - loss 0.0004084421962033957 - learning rate 0.0010499999999999993
INFO:cray_megatron.megatron.training_loop:Training step 131 - epoch 130 - loss 0.0007728583295829594 - learning rate 0.0010349999999999992
INFO:cray_megatron.megatron.training_loop:Training step 132 - epoch 131 - loss 0.0004041569773107767 - learning rate 0.0010199999999999992
INFO:cray_megatron.megatron.training_loop:Training step 133 - epoch 132 - loss 0.0004150077293161303 - learning rate 0.0010049999999999992
INFO:cray_megatron.megatron.training_loop:Training step 134 - epoch 133 - loss 0.0004391713300719857 - learning rate 0.0009899999999999991
INFO:cray_megatron.megatron.training_loop:Training step 135 - epoch 134 - loss 0.0005307368119247258 - learning rate 0.0009749999999999992
INFO:cray_megatron.megatron.training_loop:Training step 136 - epoch 135 - loss 0.00040941042243503034 - learning rate 0.0009599999999999993
INFO:cray_megatron.megatron.training_loop:Training step 137 - epoch 136 - loss 0.0004081565421074629 - learning rate 0.0009449999999999992
INFO:cray_megatron.megatron.training_loop:Training step 138 - epoch 137 - loss 0.00042298066546209157 - learning rate 0.0009299999999999993
INFO:cray_megatron.megatron.training_loop:Training step 139 - epoch 138 - loss 0.0004823574563488364 - learning rate 0.0009149999999999994
INFO:cray_megatron.megatron.training_loop:Training step 140 - epoch 139 - loss 0.00037080992478877306 - learning rate 0.0008999999999999993
INFO:cray_megatron.megatron.training_loop:Training step 141 - epoch 140 - loss 0.00043565392843447626 - learning rate 0.0008849999999999993
INFO:cray_megatron.megatron.training_loop:Training step 142 - epoch 141 - loss 0.00041412864811718464 - learning rate 0.0008699999999999994
INFO:cray_megatron.megatron.training_loop:Training step 143 - epoch 142 - loss 0.00041951992898248136 - learning rate 0.0008549999999999993
INFO:cray_megatron.megatron.training_loop:Training step 144 - epoch 143 - loss 0.0004908136324957013 - learning rate 0.0008399999999999993
INFO:cray_megatron.megatron.training_loop:Training step 145 - epoch 144 - loss 0.0004642535059247166 - learning rate 0.0008249999999999992
INFO:cray_megatron.megatron.training_loop:Training step 146 - epoch 145 - loss 0.0004225046723149717 - learning rate 0.0008099999999999992
INFO:cray_megatron.megatron.training_loop:Training step 147 - epoch 146 - loss 0.0004002339264843613 - learning rate 0.0007949999999999993
INFO:cray_megatron.megatron.training_loop:Training step 148 - epoch 147 - loss 0.0003602400829549879 - learning rate 0.0007799999999999993
INFO:cray_megatron.megatron.training_loop:Training step 149 - epoch 148 - loss 0.00044507376151159406 - learning rate 0.0007649999999999993
INFO:cray_megatron.megatron.training_loop:Training step 150 - epoch 149 - loss 0.0003483165637589991 - learning rate 0.0007499999999999993
INFO:cray_megatron.megatron.training_loop:Training step 151 - epoch 150 - loss 0.0003985776274930686 - learning rate 0.0007349999999999992
INFO:cray_megatron.megatron.training_loop:Training step 152 - epoch 151 - loss 0.00037966633681207895 - learning rate 0.0007199999999999992
INFO:cray_megatron.megatron.training_loop:Training step 153 - epoch 152 - loss 0.00041679077548906207 - learning rate 0.0007049999999999991
INFO:cray_megatron.megatron.training_loop:Training step 154 - epoch 153 - loss 0.0003719769010785967 - learning rate 0.0006899999999999991
INFO:cray_megatron.megatron.training_loop:Training step 155 - epoch 154 - loss 0.0004164497076999396 - learning rate 0.0006749999999999992
INFO:cray_megatron.megatron.training_loop:Training step 156 - epoch 155 - loss 0.0003540797915775329 - learning rate 0.0006599999999999991
INFO:cray_megatron.megatron.training_loop:Training step 157 - epoch 156 - loss 0.0003912337124347687 - learning rate 0.0006449999999999992
INFO:cray_megatron.megatron.training_loop:Training step 158 - epoch 157 - loss 0.0003567988460417837 - learning rate 0.0006299999999999992
INFO:cray_megatron.megatron.training_loop:Training step 159 - epoch 158 - loss 0.0003683547838591039 - learning rate 0.0006149999999999991
INFO:cray_megatron.megatron.training_loop:Training step 160 - epoch 159 - loss 0.00038990817847661674 - learning rate 0.0005999999999999991
INFO:cray_megatron.megatron.training_loop:Training step 161 - epoch 160 - loss 0.000358363933628425 - learning rate 0.000584999999999999
INFO:cray_megatron.megatron.training_loop:Training step 162 - epoch 161 - loss 0.0004473277076613158 - learning rate 0.000569999999999999
INFO:cray_megatron.megatron.training_loop:Training step 163 - epoch 162 - loss 0.00041092775063589215 - learning rate 0.0005549999999999991
INFO:cray_megatron.megatron.training_loop:Training step 164 - epoch 163 - loss 0.00039438740350306034 - learning rate 0.0005399999999999991
INFO:cray_megatron.megatron.training_loop:Training step 165 - epoch 164 - loss 0.0003573212889023125 - learning rate 0.0005249999999999992
INFO:cray_megatron.megatron.training_loop:Training step 166 - epoch 165 - loss 0.0003621335490606725 - learning rate 0.0005099999999999993
INFO:cray_megatron.megatron.training_loop:Training step 167 - epoch 166 - loss 0.0003586461825761944 - learning rate 0.0004949999999999993
INFO:cray_megatron.megatron.training_loop:Training step 168 - epoch 167 - loss 0.0004329433722887188 - learning rate 0.00047999999999999936
INFO:cray_megatron.megatron.training_loop:Training step 169 - epoch 168 - loss 0.0003575239679776132 - learning rate 0.0004649999999999994
INFO:cray_megatron.megatron.training_loop:Training step 170 - epoch 169 - loss 0.00039684170042164624 - learning rate 0.0004499999999999994
INFO:cray_megatron.megatron.training_loop:Training step 171 - epoch 170 - loss 0.00039224393549375236 - learning rate 0.0004349999999999994
INFO:cray_megatron.megatron.training_loop:Training step 172 - epoch 171 - loss 0.00043822109000757337 - learning rate 0.0004199999999999994
INFO:cray_megatron.megatron.training_loop:Training step 173 - epoch 172 - loss 0.00035468654823489487 - learning rate 0.00040499999999999944
INFO:cray_megatron.megatron.training_loop:Training step 174 - epoch 173 - loss 0.00046473799739032984 - learning rate 0.0003899999999999995
INFO:cray_megatron.megatron.training_loop:Training step 175 - epoch 174 - loss 0.0003802308929152787 - learning rate 0.0003749999999999995
INFO:cray_megatron.megatron.training_loop:Training step 176 - epoch 175 - loss 0.000372904323739931 - learning rate 0.00035999999999999953
INFO:cray_megatron.megatron.training_loop:Training step 177 - epoch 176 - loss 0.00040641045779921114 - learning rate 0.00034499999999999955
INFO:cray_megatron.megatron.training_loop:Training step 178 - epoch 177 - loss 0.00045761282672174275 - learning rate 0.00032999999999999956
INFO:cray_megatron.megatron.training_loop:Training step 179 - epoch 178 - loss 0.00036977947456762195 - learning rate 0.0003149999999999996
INFO:cray_megatron.megatron.training_loop:Training step 180 - epoch 179 - loss 0.00041339220479130745 - learning rate 0.0002999999999999996
INFO:cray_megatron.megatron.training_loop:Training step 181 - epoch 180 - loss 0.0003927114885300398 - learning rate 0.0002849999999999996
INFO:cray_megatron.megatron.training_loop:Training step 182 - epoch 181 - loss 0.00040217864443548024 - learning rate 0.0002699999999999996
INFO:cray_megatron.megatron.training_loop:Training step 183 - epoch 182 - loss 0.0003982724738307297 - learning rate 0.00025499999999999964
INFO:cray_megatron.megatron.training_loop:Training step 184 - epoch 183 - loss 0.00039240068872459233 - learning rate 0.00023999999999999965
INFO:cray_megatron.megatron.training_loop:Training step 185 - epoch 184 - loss 0.0003622547083068639 - learning rate 0.00022499999999999967
INFO:cray_megatron.megatron.training_loop:Training step 186 - epoch 185 - loss 0.00037395147955976427 - learning rate 0.00020999999999999968
INFO:cray_megatron.megatron.training_loop:Training step 187 - epoch 186 - loss 0.0003303195408079773 - learning rate 0.00019499999999999973
INFO:cray_megatron.megatron.training_loop:Training step 188 - epoch 187 - loss 0.0003890944644808769 - learning rate 0.00017999999999999977
INFO:cray_megatron.megatron.training_loop:Training step 189 - epoch 188 - loss 0.0003919511509593576 - learning rate 0.00016499999999999978
INFO:cray_megatron.megatron.training_loop:Training step 190 - epoch 189 - loss 0.00040316887316294014 - learning rate 0.0001499999999999998
INFO:cray_megatron.megatron.training_loop:Training step 191 - epoch 190 - loss 0.00042712234426289797 - learning rate 0.0001349999999999998
INFO:cray_megatron.megatron.training_loop:Training step 192 - epoch 191 - loss 0.0004325055342633277 - learning rate 0.00011999999999999983
INFO:cray_megatron.megatron.training_loop:Training step 193 - epoch 192 - loss 0.00035178064717911184 - learning rate 0.00010499999999999984
INFO:cray_megatron.megatron.training_loop:Training step 194 - epoch 193 - loss 0.00034160856739617884 - learning rate 8.999999999999987e-05
INFO:cray_megatron.megatron.training_loop:Training step 195 - epoch 194 - loss 0.0003767976304516196 - learning rate 7.49999999999999e-05
INFO:cray_megatron.megatron.training_loop:Training step 196 - epoch 195 - loss 0.00037997408071532845 - learning rate 5.999999999999992e-05
INFO:cray_megatron.megatron.training_loop:Training step 197 - epoch 196 - loss 0.0004687462642323226 - learning rate 4.499999999999994e-05
INFO:cray_megatron.megatron.training_loop:Training step 198 - epoch 197 - loss 0.000389896216802299 - learning rate 2.9999999999999963e-05
INFO:cray_megatron.megatron.training_loop:Training step 199 - epoch 198 - loss 0.0004391457769088447 - learning rate 1.4999999999999982e-05
INFO:cray_megatron.megatron.training_loop:Training finished successfully after 492.37129163742065 seconds