DEBUG:tokenformer.llama_tokenformer_model:Parameter: lm_head.weight, Requires Grad: False
INFO:cray_megatron.models.tokenformer.load_tokenformer_model:Converting model to torch.bfloat16...
INFO:cray_megatron.models.tokenformer.load_tokenformer_model:Model: LlamaForCausalLM(
  (model): LlamaModel(
    (embed_tokens): Embedding(128256, 4096)
    (layers): ModuleList(
      (0-31): 32 x LlamaTokenformerDecoderLayer(
        (self_attn): LlamaTokenformerAttention(
          (q_proj): Linear(in_features=4096, out_features=4096, bias=False)
          (k_proj): Linear(in_features=4096, out_features=1024, bias=False)
          (v_proj): Linear(in_features=4096, out_features=1024, bias=False)
          (o_proj): Linear(in_features=4096, out_features=4096, bias=False)
        )
        (mlp): TokenformerMLPAdapter(
        hidden_size=4096
        (layer): LlamaMLP(
          (gate_proj): Linear(in_features=4096, out_features=14336, bias=False)
          (up_proj): Linear(in_features=4096, out_features=14336, bias=False)
          (down_proj): Linear(in_features=14336, out_features=4096, bias=False)
          (act_fn): SiLU()
        )
        )
        (input_layernorm): LlamaRMSNorm((4096,), eps=1e-05)
        (post_attention_layernorm): LlamaRMSNorm((4096,), eps=1e-05)
      )
    )
    (norm): LlamaRMSNorm((4096,), eps=1e-05)
    (rotary_emb): LlamaRotaryEmbedding()
  )
  (lm_head): Linear(in_features=4096, out_features=128256, bias=False)
)
INFO:cray_megatron.megatron.training_loop:Using device cuda:0
INFO:cray_megatron.megatron.training_loop:Training step 0 - epoch 0 - loss 0.5090617537498474 - learning rate 0.003
INFO:cray_megatron.megatron.training_loop:Training step 1 - epoch 0 - loss 0.7215036749839783 - learning rate 0.0029850000000000002
INFO:cray_megatron.megatron.training_loop:Training step 2 - epoch 1 - loss 0.7555921077728271 - learning rate 0.00297
INFO:cray_megatron.megatron.training_loop:Training step 3 - epoch 2 - loss 0.4182097613811493 - learning rate 0.0029549999999999997
INFO:cray_megatron.megatron.training_loop:Training step 4 - epoch 3 - loss 0.4220409095287323 - learning rate 0.0029399999999999995
INFO:cray_megatron.megatron.training_loop:Training step 5 - epoch 4 - loss 0.4413880705833435 - learning rate 0.0029249999999999996
INFO:cray_megatron.megatron.training_loop:Training step 6 - epoch 5 - loss 0.4368568956851959 - learning rate 0.00291
INFO:cray_megatron.megatron.training_loop:Training step 7 - epoch 6 - loss 0.387502521276474 - learning rate 0.002895
INFO:cray_megatron.megatron.training_loop:Training step 8 - epoch 7 - loss 0.36384865641593933 - learning rate 0.0028799999999999997
INFO:cray_megatron.megatron.training_loop:Training step 9 - epoch 8 - loss 0.3548341989517212 - learning rate 0.0028649999999999995
INFO:cray_megatron.megatron.training_loop:Training step 10 - epoch 9 - loss 0.33627769351005554 - learning rate 0.0028499999999999997
INFO:cray_megatron.megatron.training_loop:Training step 11 - epoch 10 - loss 0.3165421485900879 - learning rate 0.0028349999999999994
INFO:cray_megatron.megatron.training_loop:Training step 12 - epoch 11 - loss 0.2987588942050934 - learning rate 0.002819999999999999
INFO:cray_megatron.megatron.training_loop:Training step 13 - epoch 12 - loss 0.28657931089401245 - learning rate 0.002804999999999999
INFO:cray_megatron.megatron.training_loop:Training step 14 - epoch 13 - loss 0.2676801383495331 - learning rate 0.0027899999999999986
INFO:cray_megatron.megatron.training_loop:Training step 15 - epoch 14 - loss 0.2566080391407013 - learning rate 0.002774999999999999
INFO:cray_megatron.megatron.training_loop:Training step 16 - epoch 15 - loss 0.25081855058670044 - learning rate 0.002759999999999999
INFO:cray_megatron.megatron.training_loop:Training step 17 - epoch 16 - loss 0.2346399873495102 - learning rate 0.0027449999999999987
INFO:cray_megatron.megatron.training_loop:Training step 18 - epoch 17 - loss 0.2244674414396286 - learning rate 0.002729999999999999
INFO:cray_megatron.megatron.training_loop:Training step 19 - epoch 18 - loss 0.20759959518909454 - learning rate 0.002714999999999999
INFO:cray_megatron.megatron.training_loop:Training step 20 - epoch 19 - loss 0.198433518409729 - learning rate 0.0026999999999999993
INFO:cray_megatron.megatron.training_loop:Training step 21 - epoch 20 - loss 0.1898999810218811 - learning rate 0.0026849999999999995
INFO:cray_megatron.megatron.training_loop:Training step 22 - epoch 21 - loss 0.18391072750091553 - learning rate 0.002669999999999999
INFO:cray_megatron.megatron.training_loop:Training step 23 - epoch 22 - loss 0.1742243617773056 - learning rate 0.0026549999999999994
INFO:cray_megatron.megatron.training_loop:Training step 24 - epoch 23 - loss 0.1682160198688507 - learning rate 0.0026399999999999996
INFO:cray_megatron.megatron.training_loop:Training step 25 - epoch 24 - loss 0.15766578912734985 - learning rate 0.0026249999999999993
INFO:cray_megatron.megatron.training_loop:Training step 26 - epoch 25 - loss 0.14470727741718292 - learning rate 0.0026099999999999995
INFO:cray_megatron.megatron.training_loop:Training step 27 - epoch 26 - loss 0.13435983657836914 - learning rate 0.0025949999999999992
INFO:cray_megatron.megatron.training_loop:Training step 28 - epoch 27 - loss 0.12096106261014938 - learning rate 0.002579999999999999
INFO:cray_megatron.megatron.training_loop:Training step 29 - epoch 28 - loss 0.10780611634254456 - learning rate 0.002564999999999999
INFO:cray_megatron.megatron.training_loop:Training step 30 - epoch 29 - loss 0.10460792481899261 - learning rate 0.0025499999999999993
INFO:cray_megatron.megatron.training_loop:Training step 31 - epoch 30 - loss 0.09597422927618027 - learning rate 0.0025349999999999995
INFO:cray_megatron.megatron.training_loop:Training step 32 - epoch 31 - loss 0.08895722776651382 - learning rate 0.0025199999999999992
INFO:cray_megatron.megatron.training_loop:Training step 33 - epoch 32 - loss 0.07361406832933426 - learning rate 0.0025049999999999994
INFO:cray_megatron.megatron.training_loop:Training step 34 - epoch 33 - loss 0.06975280493497849 - learning rate 0.002489999999999999
INFO:cray_megatron.megatron.training_loop:Training step 35 - epoch 34 - loss 0.061378490179777145 - learning rate 0.0024749999999999993
INFO:cray_megatron.megatron.training_loop:Training step 36 - epoch 35 - loss 0.05211840569972992 - learning rate 0.002459999999999999
INFO:cray_megatron.megatron.training_loop:Training step 37 - epoch 36 - loss 0.04726496711373329 - learning rate 0.0024449999999999993
INFO:cray_megatron.megatron.training_loop:Training step 38 - epoch 37 - loss 0.041345447301864624 - learning rate 0.0024299999999999994
INFO:cray_megatron.megatron.training_loop:Training step 39 - epoch 38 - loss 0.041915200650691986 - learning rate 0.002414999999999999
INFO:cray_megatron.megatron.training_loop:Training step 40 - epoch 39 - loss 0.033023010939359665 - learning rate 0.0023999999999999994
INFO:cray_megatron.megatron.training_loop:Training step 41 - epoch 40 - loss 0.028865110129117966 - learning rate 0.0023849999999999995
INFO:cray_megatron.megatron.training_loop:Training step 42 - epoch 41 - loss 0.02950003370642662 - learning rate 0.0023699999999999997
INFO:cray_megatron.megatron.training_loop:Training step 43 - epoch 42 - loss 0.02201736532151699 - learning rate 0.0023549999999999995
INFO:cray_megatron.megatron.training_loop:Training step 44 - epoch 43 - loss 0.02719372697174549 - learning rate 0.0023399999999999996
INFO:cray_megatron.megatron.training_loop:Training step 45 - epoch 44 - loss 0.023489506915211678 - learning rate 0.002325
INFO:cray_megatron.megatron.training_loop:Training step 46 - epoch 45 - loss 0.016963426023721695 - learning rate 0.00231
INFO:cray_megatron.megatron.training_loop:Training step 47 - epoch 46 - loss 0.016484728083014488 - learning rate 0.002295
INFO:cray_megatron.megatron.training_loop:Training step 48 - epoch 47 - loss 0.012396124191582203 - learning rate 0.0022800000000000003
INFO:cray_megatron.megatron.training_loop:Training step 49 - epoch 48 - loss 0.012424617074429989 - learning rate 0.0022650000000000005
INFO:cray_megatron.megatron.training_loop:Training step 50 - epoch 49 - loss 0.010459644719958305 - learning rate 0.0022500000000000003
INFO:cray_megatron.megatron.training_loop:Training step 51 - epoch 50 - loss 0.011168044991791248 - learning rate 0.002235
INFO:cray_megatron.megatron.training_loop:Training step 52 - epoch 51 - loss 0.009286966174840927 - learning rate 0.00222
INFO:cray_megatron.megatron.training_loop:Training step 53 - epoch 52 - loss 0.01263273973017931 - learning rate 0.002205
INFO:cray_megatron.megatron.training_loop:Training step 54 - epoch 53 - loss 0.007521301042288542 - learning rate 0.00219
INFO:cray_megatron.megatron.training_loop:Training step 55 - epoch 54 - loss 0.010198641568422318 - learning rate 0.002175
INFO:cray_megatron.megatron.training_loop:Training step 56 - epoch 55 - loss 0.0066810785792768 - learning rate 0.00216
INFO:cray_megatron.megatron.training_loop:Training step 57 - epoch 56 - loss 0.014568779617547989 - learning rate 0.002145
INFO:cray_megatron.megatron.training_loop:Training step 58 - epoch 57 - loss 0.004488729406148195 - learning rate 0.0021300000000000004
INFO:cray_megatron.megatron.training_loop:Training step 59 - epoch 58 - loss 0.004955517593771219 - learning rate 0.0021150000000000006
INFO:cray_megatron.megatron.training_loop:Training step 60 - epoch 59 - loss 0.00627637654542923 - learning rate 0.0021000000000000007
INFO:cray_megatron.megatron.training_loop:Training step 61 - epoch 60 - loss 0.004463097546249628 - learning rate 0.002085000000000001
INFO:cray_megatron.megatron.training_loop:Training step 62 - epoch 61 - loss 0.005969897378236055 - learning rate 0.002070000000000001
INFO:cray_megatron.megatron.training_loop:Training step 63 - epoch 62 - loss 0.004073775839060545 - learning rate 0.002055000000000001
INFO:cray_megatron.megatron.training_loop:Training step 64 - epoch 63 - loss 0.003819143632426858 - learning rate 0.002040000000000001
INFO:cray_megatron.megatron.training_loop:Training step 65 - epoch 64 - loss 0.0055696601048111916 - learning rate 0.002025000000000001
INFO:cray_megatron.megatron.training_loop:Training step 66 - epoch 65 - loss 0.004010116681456566 - learning rate 0.0020100000000000014
INFO:cray_megatron.megatron.training_loop:Training step 67 - epoch 66 - loss 0.006620077416300774 - learning rate 0.001995000000000001
INFO:cray_megatron.megatron.training_loop:Training step 68 - epoch 67 - loss 0.003419361310079694 - learning rate 0.001980000000000001
INFO:cray_megatron.megatron.training_loop:Training step 69 - epoch 68 - loss 0.003186858957633376 - learning rate 0.001965000000000001
INFO:cray_megatron.megatron.training_loop:Training step 70 - epoch 69 - loss 0.004552328493446112 - learning rate 0.001950000000000001
INFO:cray_megatron.megatron.training_loop:Training step 71 - epoch 70 - loss 0.0032524759881198406 - learning rate 0.001935000000000001
INFO:cray_megatron.megatron.training_loop:Training step 72 - epoch 71 - loss 0.003980585839599371 - learning rate 0.001920000000000001
INFO:cray_megatron.megatron.training_loop:Training step 73 - epoch 72 - loss 0.003188512986525893 - learning rate 0.0019050000000000009
INFO:cray_megatron.megatron.training_loop:Training step 74 - epoch 73 - loss 0.002016185550019145 - learning rate 0.0018900000000000008
INFO:cray_megatron.megatron.training_loop:Training step 75 - epoch 74 - loss 0.0027900582645088434 - learning rate 0.0018750000000000008
INFO:cray_megatron.megatron.training_loop:Training step 76 - epoch 75 - loss 0.002484019612893462 - learning rate 0.0018600000000000008
INFO:cray_megatron.megatron.training_loop:Training step 77 - epoch 76 - loss 0.0032430430874228477 - learning rate 0.0018450000000000007
INFO:cray_megatron.megatron.training_loop:Training step 78 - epoch 77 - loss 0.0027743661776185036 - learning rate 0.0018300000000000007
INFO:cray_megatron.megatron.training_loop:Training step 79 - epoch 78 - loss 0.0015696989139541984 - learning rate 0.0018150000000000006
INFO:cray_megatron.megatron.training_loop:Training step 80 - epoch 79 - loss 0.0017897242214530706 - learning rate 0.0018000000000000006
INFO:cray_megatron.megatron.training_loop:Training step 81 - epoch 80 - loss 0.002597770420834422 - learning rate 0.0017850000000000006
INFO:cray_megatron.megatron.training_loop:Training step 82 - epoch 81 - loss 0.002532496117055416 - learning rate 0.0017700000000000005
INFO:cray_megatron.megatron.training_loop:Training step 83 - epoch 82 - loss 0.0013475822051987052 - learning rate 0.0017550000000000005
INFO:cray_megatron.megatron.training_loop:Training step 84 - epoch 83 - loss 0.0012207082472741604 - learning rate 0.0017400000000000004
INFO:cray_megatron.megatron.training_loop:Training step 85 - epoch 84 - loss 0.0013655752409249544 - learning rate 0.0017250000000000004
INFO:cray_megatron.megatron.training_loop:Training step 86 - epoch 85 - loss 0.0023246337659657 - learning rate 0.0017100000000000006
INFO:cray_megatron.megatron.training_loop:Training step 87 - epoch 86 - loss 0.0020603297743946314 - learning rate 0.0016950000000000005
INFO:cray_megatron.megatron.training_loop:Training step 88 - epoch 87 - loss 0.004337364807724953 - learning rate 0.0016800000000000005
INFO:cray_megatron.megatron.training_loop:Training step 89 - epoch 88 - loss 0.003416680498048663 - learning rate 0.0016650000000000005
INFO:cray_megatron.megatron.training_loop:Training step 90 - epoch 89 - loss 0.002034197561442852 - learning rate 0.0016500000000000004
INFO:cray_megatron.megatron.training_loop:Training step 91 - epoch 90 - loss 0.001092284801416099 - learning rate 0.0016350000000000006
INFO:cray_megatron.megatron.training_loop:Training step 92 - epoch 91 - loss 0.002439983421936631 - learning rate 0.0016200000000000008
INFO:cray_megatron.megatron.training_loop:Training step 93 - epoch 92 - loss 0.0009384301956743002 - learning rate 0.0016050000000000007
INFO:cray_megatron.megatron.training_loop:Training step 94 - epoch 93 - loss 0.0011716586304828525 - learning rate 0.0015900000000000007
INFO:cray_megatron.megatron.training_loop:Training step 95 - epoch 94 - loss 0.0008978844271041453 - learning rate 0.0015750000000000007
INFO:cray_megatron.megatron.training_loop:Training step 96 - epoch 95 - loss 0.0014675064012408257 - learning rate 0.0015600000000000006
INFO:cray_megatron.megatron.training_loop:Training step 97 - epoch 96 - loss 0.0009068914805538952 - learning rate 0.0015450000000000006
INFO:cray_megatron.megatron.training_loop:Training step 98 - epoch 97 - loss 0.0008546403259970248 - learning rate 0.0015300000000000005
INFO:cray_megatron.megatron.training_loop:Training step 99 - epoch 98 - loss 0.0019440804608166218 - learning rate 0.0015150000000000005
INFO:cray_megatron.megatron.training_loop:Training step 100 - epoch 99 - loss 0.0010395068675279617 - learning rate 0.0015000000000000005
INFO:cray_infra.training.training_harness:Checkpoint saved to /app/cray/jobs/eef1c01e6433a44b58ed5e6729be349877ca9ea613870bf090d05ec933c920e7/checkpoint_100.pt
INFO:cray_infra.training.training_harness:Model saved to /app/cray/jobs/eef1c01e6433a44b58ed5e6729be349877ca9ea613870bf090d05ec933c920e7/saved_model
INFO:cray_megatron.megatron.training_loop:Checkpoint on step 100 took 31.7336003780365 seconds
INFO:cray_megatron.megatron.training_loop:Training step 101 - epoch 100 - loss 0.000816548359580338 - learning rate 0.0014850000000000004
INFO:cray_megatron.megatron.training_loop:Training step 102 - epoch 101 - loss 0.0008052801713347435 - learning rate 0.0014700000000000004
INFO:cray_megatron.megatron.training_loop:Training step 103 - epoch 102 - loss 0.0006620415369980037 - learning rate 0.0014550000000000003
INFO:cray_megatron.megatron.training_loop:Training step 104 - epoch 103 - loss 0.0006314168567769229 - learning rate 0.0014400000000000003
INFO:cray_megatron.megatron.training_loop:Training step 105 - epoch 104 - loss 0.0007397179724648595 - learning rate 0.0014250000000000003
INFO:cray_megatron.megatron.training_loop:Training step 106 - epoch 105 - loss 0.0008218162693083286 - learning rate 0.0014100000000000002
INFO:cray_megatron.megatron.training_loop:Training step 107 - epoch 106 - loss 0.000869477167725563 - learning rate 0.0013950000000000002
INFO:cray_megatron.megatron.training_loop:Training step 108 - epoch 107 - loss 0.0006501192110590637 - learning rate 0.0013800000000000002
INFO:cray_megatron.megatron.training_loop:Training step 109 - epoch 108 - loss 0.0018546489300206304 - learning rate 0.0013650000000000001
INFO:cray_megatron.megatron.training_loop:Training step 110 - epoch 109 - loss 0.0009740617824718356 - learning rate 0.00135
INFO:cray_megatron.megatron.training_loop:Training step 111 - epoch 110 - loss 0.000697941635735333 - learning rate 0.001335
INFO:cray_megatron.megatron.training_loop:Training step 112 - epoch 111 - loss 0.0015350758330896497 - learning rate 0.00132
INFO:cray_megatron.megatron.training_loop:Training step 113 - epoch 112 - loss 0.0005488176248036325 - learning rate 0.001305
INFO:cray_megatron.megatron.training_loop:Training step 114 - epoch 113 - loss 0.0006810501217842102 - learning rate 0.00129
INFO:cray_megatron.megatron.training_loop:Training step 115 - epoch 114 - loss 0.0006305855349637568 - learning rate 0.0012749999999999999
INFO:cray_megatron.megatron.training_loop:Training step 116 - epoch 115 - loss 0.0004781496536452323 - learning rate 0.0012599999999999998
INFO:cray_megatron.megatron.training_loop:Training step 117 - epoch 116 - loss 0.000603512569796294 - learning rate 0.0012449999999999998
INFO:cray_megatron.megatron.training_loop:Training step 118 - epoch 117 - loss 0.00042037389357574284 - learning rate 0.0012299999999999998
INFO:cray_megatron.megatron.training_loop:Training step 119 - epoch 118 - loss 0.0004889746196568012 - learning rate 0.0012149999999999997
INFO:cray_megatron.megatron.training_loop:Training step 120 - epoch 119 - loss 0.0005082732532173395 - learning rate 0.0011999999999999997
INFO:cray_megatron.megatron.training_loop:Training step 121 - epoch 120 - loss 0.0005846579442732036 - learning rate 0.0011849999999999996
INFO:cray_megatron.megatron.training_loop:Training step 122 - epoch 121 - loss 0.00045879409299232066 - learning rate 0.0011699999999999996
INFO:cray_megatron.megatron.training_loop:Training step 123 - epoch 122 - loss 0.00048304753727279603 - learning rate 0.0011549999999999996
INFO:cray_megatron.megatron.training_loop:Training step 124 - epoch 123 - loss 0.0005168177303858101 - learning rate 0.0011399999999999995
INFO:cray_megatron.megatron.training_loop:Training step 125 - epoch 124 - loss 0.00041632933425717056 - learning rate 0.0011249999999999995
INFO:cray_megatron.megatron.training_loop:Training step 126 - epoch 125 - loss 0.0005029854946769774 - learning rate 0.0011099999999999994
INFO:cray_megatron.megatron.training_loop:Training step 127 - epoch 126 - loss 0.0004999774391762912 - learning rate 0.0010949999999999994
INFO:cray_megatron.megatron.training_loop:Training step 128 - epoch 127 - loss 0.000544247159268707 - learning rate 0.0010799999999999994
INFO:cray_megatron.megatron.training_loop:Training step 129 - epoch 128 - loss 0.0005761157372035086 - learning rate 0.0010649999999999993
INFO:cray_megatron.megatron.training_loop:Training step 130 - epoch 129 - loss 0.000461950694443658 - learning rate 0.0010499999999999993
INFO:cray_megatron.megatron.training_loop:Training step 131 - epoch 130 - loss 0.0004414306895341724 - learning rate 0.0010349999999999992
INFO:cray_megatron.megatron.training_loop:Training step 132 - epoch 131 - loss 0.0004065855755470693 - learning rate 0.0010199999999999992
INFO:cray_megatron.megatron.training_loop:Training step 133 - epoch 132 - loss 0.00043114428990520537 - learning rate 0.0010049999999999992
INFO:cray_megatron.megatron.training_loop:Training step 134 - epoch 133 - loss 0.0005035300273448229 - learning rate 0.0009899999999999991
INFO:cray_megatron.megatron.training_loop:Training step 135 - epoch 134 - loss 0.0005640645395033062 - learning rate 0.0009749999999999992
INFO:cray_megatron.megatron.training_loop:Training step 136 - epoch 135 - loss 0.0004235412925481796 - learning rate 0.0009599999999999993
INFO:cray_megatron.megatron.training_loop:Training step 137 - epoch 136 - loss 0.0004577946674544364 - learning rate 0.0009449999999999992
INFO:cray_megatron.megatron.training_loop:Training step 138 - epoch 137 - loss 0.00043626243132166564 - learning rate 0.0009299999999999993
INFO:cray_megatron.megatron.training_loop:Training step 139 - epoch 138 - loss 0.0005056019290350378 - learning rate 0.0009149999999999994
INFO:cray_megatron.megatron.training_loop:Training step 140 - epoch 139 - loss 0.00041859695920720696 - learning rate 0.0008999999999999993
INFO:cray_megatron.megatron.training_loop:Training step 141 - epoch 140 - loss 0.00044372788397595286 - learning rate 0.0008849999999999993
INFO:cray_megatron.megatron.training_loop:Training step 142 - epoch 141 - loss 0.00039821534301154315 - learning rate 0.0008699999999999994
INFO:cray_megatron.megatron.training_loop:Training step 143 - epoch 142 - loss 0.00044178630923852324 - learning rate 0.0008549999999999993
INFO:cray_megatron.megatron.training_loop:Training step 144 - epoch 143 - loss 0.00041764904744923115 - learning rate 0.0008399999999999993
INFO:cray_megatron.megatron.training_loop:Training step 145 - epoch 144 - loss 0.00046852361992932856 - learning rate 0.0008249999999999992
INFO:cray_megatron.megatron.training_loop:Training step 146 - epoch 145 - loss 0.0004605629947036505 - learning rate 0.0008099999999999992
INFO:cray_megatron.megatron.training_loop:Training step 147 - epoch 146 - loss 0.00043138748151250184 - learning rate 0.0007949999999999993
INFO:cray_megatron.megatron.training_loop:Training step 148 - epoch 147 - loss 0.0003623334050644189 - learning rate 0.0007799999999999993
INFO:cray_megatron.megatron.training_loop:Training step 149 - epoch 148 - loss 0.00044770585373044014 - learning rate 0.0007649999999999993
INFO:cray_megatron.megatron.training_loop:Training step 150 - epoch 149 - loss 0.0007451228448189795 - learning rate 0.0007499999999999993
INFO:cray_megatron.megatron.training_loop:Training step 151 - epoch 150 - loss 0.00041927321581169963 - learning rate 0.0007349999999999992
INFO:cray_megatron.megatron.training_loop:Training step 152 - epoch 151 - loss 0.000483118201373145 - learning rate 0.0007199999999999992
INFO:cray_megatron.megatron.training_loop:Training step 153 - epoch 152 - loss 0.0003695658815559 - learning rate 0.0007049999999999991
INFO:cray_megatron.megatron.training_loop:Training step 154 - epoch 153 - loss 0.00041064585093408823 - learning rate 0.0006899999999999991
INFO:cray_megatron.megatron.training_loop:Training step 155 - epoch 154 - loss 0.00040319928666576743 - learning rate 0.0006749999999999992
INFO:cray_megatron.megatron.training_loop:Training step 156 - epoch 155 - loss 0.00035592156928032637 - learning rate 0.0006599999999999991
INFO:cray_megatron.megatron.training_loop:Training step 157 - epoch 156 - loss 0.0003798873513005674 - learning rate 0.0006449999999999992
INFO:cray_megatron.megatron.training_loop:Training step 158 - epoch 157 - loss 0.00037283540586940944 - learning rate 0.0006299999999999992
INFO:cray_megatron.megatron.training_loop:Training step 159 - epoch 158 - loss 0.0003934261330869049 - learning rate 0.0006149999999999991
INFO:cray_megatron.megatron.training_loop:Training step 160 - epoch 159 - loss 0.0004306332557462156 - learning rate 0.0005999999999999991
INFO:cray_megatron.megatron.training_loop:Training step 161 - epoch 160 - loss 0.00036737925256602466 - learning rate 0.000584999999999999
INFO:cray_megatron.megatron.training_loop:Training step 162 - epoch 161 - loss 0.0004214431974105537 - learning rate 0.000569999999999999
INFO:cray_megatron.megatron.training_loop:Training step 163 - epoch 162 - loss 0.00041767070069909096 - learning rate 0.0005549999999999991
INFO:cray_megatron.megatron.training_loop:Training step 164 - epoch 163 - loss 0.00042891615885309875 - learning rate 0.0005399999999999991
INFO:cray_megatron.megatron.training_loop:Training step 165 - epoch 164 - loss 0.00037184811662882566 - learning rate 0.0005249999999999992
INFO:cray_megatron.megatron.training_loop:Training step 166 - epoch 165 - loss 0.000403656653361395 - learning rate 0.0005099999999999993
INFO:cray_megatron.megatron.training_loop:Training step 167 - epoch 166 - loss 0.00036039523547515273 - learning rate 0.0004949999999999993
INFO:cray_megatron.megatron.training_loop:Training step 168 - epoch 167 - loss 0.00048254162538796663 - learning rate 0.00047999999999999936
INFO:cray_megatron.megatron.training_loop:Training step 169 - epoch 168 - loss 0.00034290182520635426 - learning rate 0.0004649999999999994
INFO:cray_megatron.megatron.training_loop:Training step 170 - epoch 169 - loss 0.0004288046038709581 - learning rate 0.0004499999999999994
INFO:cray_megatron.megatron.training_loop:Training step 171 - epoch 170 - loss 0.0004018107138108462 - learning rate 0.0004349999999999994
INFO:cray_megatron.megatron.training_loop:Training step 172 - epoch 171 - loss 0.0004096914199180901 - learning rate 0.0004199999999999994
INFO:cray_megatron.megatron.training_loop:Training step 173 - epoch 172 - loss 0.00038729998050257564 - learning rate 0.00040499999999999944
INFO:cray_megatron.megatron.training_loop:Training step 174 - epoch 173 - loss 0.00041820091428235173 - learning rate 0.0003899999999999995
INFO:cray_megatron.megatron.training_loop:Training step 175 - epoch 174 - loss 0.0004161727847531438 - learning rate 0.0003749999999999995
INFO:cray_megatron.megatron.training_loop:Training step 176 - epoch 175 - loss 0.0003929187369067222 - learning rate 0.00035999999999999953
INFO:cray_megatron.megatron.training_loop:Training step 177 - epoch 176 - loss 0.0003921457100659609 - learning rate 0.00034499999999999955
INFO:cray_megatron.megatron.training_loop:Training step 178 - epoch 177 - loss 0.0004457193717826158 - learning rate 0.00032999999999999956
INFO:cray_megatron.megatron.training_loop:Training step 179 - epoch 178 - loss 0.0003698020300362259 - learning rate 0.0003149999999999996
INFO:cray_megatron.megatron.training_loop:Training step 180 - epoch 179 - loss 0.0005678063025698066 - learning rate 0.0002999999999999996
INFO:cray_megatron.megatron.training_loop:Training step 181 - epoch 180 - loss 0.00041264857281930745 - learning rate 0.0002849999999999996
INFO:cray_megatron.megatron.training_loop:Training step 182 - epoch 181 - loss 0.0004425412626005709 - learning rate 0.0002699999999999996
INFO:cray_megatron.megatron.training_loop:Training step 183 - epoch 182 - loss 0.0004373093252070248 - learning rate 0.00025499999999999964
INFO:cray_megatron.megatron.training_loop:Training step 184 - epoch 183 - loss 0.0003768588067032397 - learning rate 0.00023999999999999965
INFO:cray_megatron.megatron.training_loop:Training step 185 - epoch 184 - loss 0.0003670688602142036 - learning rate 0.00022499999999999967
INFO:cray_megatron.megatron.training_loop:Training step 186 - epoch 185 - loss 0.00038964193663559854 - learning rate 0.00020999999999999968
INFO:cray_megatron.megatron.training_loop:Training step 187 - epoch 186 - loss 0.00035299945739097893 - learning rate 0.00019499999999999973
INFO:cray_megatron.megatron.training_loop:Training step 188 - epoch 187 - loss 0.00041735279955901206 - learning rate 0.00017999999999999977
INFO:cray_megatron.megatron.training_loop:Training step 189 - epoch 188 - loss 0.0003755503275897354 - learning rate 0.00016499999999999978
INFO:cray_megatron.megatron.training_loop:Training step 190 - epoch 189 - loss 0.00040124967927113175 - learning rate 0.0001499999999999998
INFO:cray_megatron.megatron.training_loop:Training step 191 - epoch 190 - loss 0.0003913923865184188 - learning rate 0.0001349999999999998
INFO:cray_megatron.megatron.training_loop:Training step 192 - epoch 191 - loss 0.0004316185659263283 - learning rate 0.00011999999999999983
INFO:cray_megatron.megatron.training_loop:Training step 193 - epoch 192 - loss 0.00037413506652228534 - learning rate 0.00010499999999999984
INFO:cray_megatron.megatron.training_loop:Training step 194 - epoch 193 - loss 0.00033912467188201845 - learning rate 8.999999999999987e-05
INFO:cray_megatron.megatron.training_loop:Training step 195 - epoch 194 - loss 0.0003749969764612615 - learning rate 7.49999999999999e-05
INFO:cray_megatron.megatron.training_loop:Training step 196 - epoch 195 - loss 0.0004094373434782028 - learning rate 5.999999999999992e-05
INFO:cray_megatron.megatron.training_loop:Training step 197 - epoch 196 - loss 0.00048116169637069106 - learning rate 4.499999999999994e-05
INFO:cray_megatron.megatron.training_loop:Training step 198 - epoch 197 - loss 0.0003718747175298631 - learning rate 2.9999999999999963e-05
INFO:cray_megatron.megatron.training_loop:Training step 199 - epoch 198 - loss 0.0004164562269579619 - learning rate 1.4999999999999982e-05
INFO:cray_megatron.megatron.training_loop:Training finished successfully after 501.7499339580536 seconds